<?xml version="1.0" encoding="UTF-8"?>
<testng-results ignored="16" total="21" passed="5" failed="0" skipped="0">
  <reporter-output>
  </reporter-output>
  <suite started-at="2025-03-12T20:40:12 IST" name="Surefire suite" finished-at="2025-03-12T20:42:44 IST" duration-ms="152174">
    <groups>
    </groups>
    <test started-at="2025-03-12T20:40:12 IST" name="Surefire test" finished-at="2025-03-12T20:42:44 IST" duration-ms="152174">
      <class name="VTIGER.DDT.Campaign.CreateCampaignAddProductInCampaignTest">
        <test-method is-config="true" signature="BS()[pri:0, instance:VTIGER.DDT.Campaign.CreateCampaignAddProductInCampaignTest@197d671]" started-at="2025-03-12T20:40:12 IST" name="BS" finished-at="2025-03-12T20:40:12 IST" duration-ms="7" status="PASS">
          <reporter-output>
          </reporter-output>
        </test-method> <!-- BS -->
        <test-method is-config="true" signature="BT()[pri:0, instance:VTIGER.DDT.Campaign.CreateCampaignAddProductInCampaignTest@197d671]" started-at="2025-03-12T20:40:12 IST" name="BT" finished-at="2025-03-12T20:40:12 IST" duration-ms="0" status="PASS">
          <reporter-output>
          </reporter-output>
        </test-method> <!-- BT -->
        <test-method is-config="true" signature="BC()[pri:0, instance:VTIGER.DDT.Campaign.CreateCampaignAddProductInCampaignTest@197d671]" started-at="2025-03-12T20:40:12 IST" name="BC" finished-at="2025-03-12T20:40:15 IST" duration-ms="3012" status="PASS">
          <reporter-output>
          </reporter-output>
        </test-method> <!-- BC -->
        <test-method is-config="true" signature="BM()[pri:0, instance:VTIGER.DDT.Campaign.CreateCampaignAddProductInCampaignTest@197d671]" started-at="2025-03-12T20:40:15 IST" name="BM" finished-at="2025-03-12T20:40:22 IST" duration-ms="6742" status="PASS">
          <reporter-output>
          </reporter-output>
        </test-method> <!-- BM -->
        <test-method signature="createCampaignAddProductInCampaign()[pri:0, instance:VTIGER.DDT.Campaign.CreateCampaignAddProductInCampaignTest@197d671]" started-at="2025-03-12T20:40:22 IST" name="createCampaignAddProductInCampaign" finished-at="2025-03-12T20:40:54 IST" duration-ms="31778" status="PASS">
          <reporter-output>
          </reporter-output>
        </test-method> <!-- createCampaignAddProductInCampaign -->
        <test-method is-config="true" signature="AM()[pri:0, instance:VTIGER.DDT.Campaign.CreateCampaignAddProductInCampaignTest@197d671]" started-at="2025-03-12T20:40:54 IST" name="AM" finished-at="2025-03-12T20:40:57 IST" duration-ms="2651" status="PASS">
          <reporter-output>
          </reporter-output>
        </test-method> <!-- AM -->
        <test-method is-config="true" signature="AC()[pri:0, instance:VTIGER.DDT.Campaign.CreateCampaignAddProductInCampaignTest@197d671]" started-at="2025-03-12T20:40:57 IST" name="AC" finished-at="2025-03-12T20:40:57 IST" duration-ms="211" status="PASS">
          <reporter-output>
          </reporter-output>
        </test-method> <!-- AC -->
        <test-method is-config="true" signature="AT()[pri:0, instance:VTIGER.DDT.Campaign.CreateCampaignAddProductInCampaignTest@197d671]" started-at="2025-03-12T20:42:44 IST" name="AT" finished-at="2025-03-12T20:42:44 IST" duration-ms="0" status="PASS">
          <reporter-output>
          </reporter-output>
        </test-method> <!-- AT -->
        <test-method is-config="true" signature="AS()[pri:0, instance:VTIGER.DDT.Campaign.CreateCampaignAddProductInCampaignTest@197d671]" started-at="2025-03-12T20:42:45 IST" name="AS" finished-at="2025-03-12T20:42:45 IST" duration-ms="0" status="PASS">
          <reporter-output>
          </reporter-output>
        </test-method> <!-- AS -->
      </class> <!-- VTIGER.DDT.Campaign.CreateCampaignAddProductInCampaignTest -->
      <class name="VTIGER.DDT.Organization.CreateOrganizationTest">
        <test-method is-config="true" signature="BC()[pri:0, instance:VTIGER.DDT.Organization.CreateOrganizationTest@f8c1ddd]" started-at="2025-03-12T20:41:20 IST" name="BC" finished-at="2025-03-12T20:41:22 IST" duration-ms="1149" status="PASS">
          <reporter-output>
          </reporter-output>
        </test-method> <!-- BC -->
        <test-method is-config="true" signature="BM()[pri:0, instance:VTIGER.DDT.Organization.CreateOrganizationTest@f8c1ddd]" started-at="2025-03-12T20:41:22 IST" name="BM" finished-at="2025-03-12T20:41:27 IST" duration-ms="5385" status="PASS">
          <reporter-output>
          </reporter-output>
        </test-method> <!-- BM -->
        <test-method signature="createOrganization()[pri:0, instance:VTIGER.DDT.Organization.CreateOrganizationTest@f8c1ddd]" started-at="2025-03-12T20:41:27 IST" name="createOrganization" finished-at="2025-03-12T20:41:44 IST" duration-ms="17247" status="PASS">
          <reporter-output>
          </reporter-output>
        </test-method> <!-- createOrganization -->
        <test-method is-config="true" signature="AM()[pri:0, instance:VTIGER.DDT.Organization.CreateOrganizationTest@f8c1ddd]" started-at="2025-03-12T20:41:44 IST" name="AM" finished-at="2025-03-12T20:41:47 IST" duration-ms="3191" status="PASS">
          <reporter-output>
          </reporter-output>
        </test-method> <!-- AM -->
        <test-method is-config="true" signature="AC()[pri:0, instance:VTIGER.DDT.Organization.CreateOrganizationTest@f8c1ddd]" started-at="2025-03-12T20:41:47 IST" name="AC" finished-at="2025-03-12T20:41:48 IST" duration-ms="171" status="PASS">
          <reporter-output>
          </reporter-output>
        </test-method> <!-- AC -->
      </class> <!-- VTIGER.DDT.Organization.CreateOrganizationTest -->
      <class name="VTIGER.DDT.Product.ProductCreateDeleteTest">
        <test-method is-config="true" signature="BC()[pri:0, instance:VTIGER.DDT.Product.ProductCreateDeleteTest@2133814f]" started-at="2025-03-12T20:42:11 IST" name="BC" finished-at="2025-03-12T20:42:13 IST" duration-ms="1074" status="PASS">
          <reporter-output>
          </reporter-output>
        </test-method> <!-- BC -->
        <test-method is-config="true" signature="BM()[pri:0, instance:VTIGER.DDT.Product.ProductCreateDeleteTest@2133814f]" started-at="2025-03-12T20:42:13 IST" name="BM" finished-at="2025-03-12T20:42:19 IST" duration-ms="6026" status="PASS">
          <reporter-output>
          </reporter-output>
        </test-method> <!-- BM -->
        <test-method signature="productCreateDelete()[pri:0, instance:VTIGER.DDT.Product.ProductCreateDeleteTest@2133814f]" started-at="2025-03-12T20:42:19 IST" name="productCreateDelete" finished-at="2025-03-12T20:42:37 IST" duration-ms="18678" status="PASS">
          <reporter-output>
          </reporter-output>
        </test-method> <!-- productCreateDelete -->
        <test-method is-config="true" signature="AM()[pri:0, instance:VTIGER.DDT.Product.ProductCreateDeleteTest@2133814f]" started-at="2025-03-12T20:42:37 IST" name="AM" finished-at="2025-03-12T20:42:44 IST" duration-ms="7013" status="PASS">
          <reporter-output>
          </reporter-output>
        </test-method> <!-- AM -->
        <test-method is-config="true" signature="AC()[pri:0, instance:VTIGER.DDT.Product.ProductCreateDeleteTest@2133814f]" started-at="2025-03-12T20:42:44 IST" name="AC" finished-at="2025-03-12T20:42:44 IST" duration-ms="167" status="PASS">
          <reporter-output>
          </reporter-output>
        </test-method> <!-- AC -->
      </class> <!-- VTIGER.DDT.Product.ProductCreateDeleteTest -->
      <class name="VTIGER.DDT.Campaign.CreateCampaignTest">
        <test-method is-config="true" signature="BC()[pri:0, instance:VTIGER.DDT.Campaign.CreateCampaignTest@7fc2413d]" started-at="2025-03-12T20:40:57 IST" name="BC" finished-at="2025-03-12T20:40:58 IST" duration-ms="1558" status="PASS">
          <reporter-output>
          </reporter-output>
        </test-method> <!-- BC -->
        <test-method is-config="true" signature="BM()[pri:0, instance:VTIGER.DDT.Campaign.CreateCampaignTest@7fc2413d]" started-at="2025-03-12T20:40:58 IST" name="BM" finished-at="2025-03-12T20:41:04 IST" duration-ms="5593" status="PASS">
          <reporter-output>
          </reporter-output>
        </test-method> <!-- BM -->
        <test-method signature="createCampaign()[pri:0, instance:VTIGER.DDT.Campaign.CreateCampaignTest@7fc2413d]" started-at="2025-03-12T20:41:04 IST" name="createCampaign" finished-at="2025-03-12T20:41:17 IST" duration-ms="13088" status="PASS">
          <reporter-output>
          </reporter-output>
        </test-method> <!-- createCampaign -->
        <test-method is-config="true" signature="AM()[pri:0, instance:VTIGER.DDT.Campaign.CreateCampaignTest@7fc2413d]" started-at="2025-03-12T20:41:17 IST" name="AM" finished-at="2025-03-12T20:41:20 IST" duration-ms="3154" status="PASS">
          <reporter-output>
          </reporter-output>
        </test-method> <!-- AM -->
        <test-method is-config="true" signature="AC()[pri:0, instance:VTIGER.DDT.Campaign.CreateCampaignTest@7fc2413d]" started-at="2025-03-12T20:41:20 IST" name="AC" finished-at="2025-03-12T20:41:20 IST" duration-ms="175" status="PASS">
          <reporter-output>
          </reporter-output>
        </test-method> <!-- AC -->
      </class> <!-- VTIGER.DDT.Campaign.CreateCampaignTest -->
      <class name="VTIGER.DDT.Product.CreateProductTest">
        <test-method is-config="true" signature="BC()[pri:0, instance:VTIGER.DDT.Product.CreateProductTest@70be0a2b]" started-at="2025-03-12T20:41:48 IST" name="BC" finished-at="2025-03-12T20:41:49 IST" duration-ms="1141" status="PASS">
          <reporter-output>
          </reporter-output>
        </test-method> <!-- BC -->
        <test-method is-config="true" signature="BM()[pri:0, instance:VTIGER.DDT.Product.CreateProductTest@70be0a2b]" started-at="2025-03-12T20:41:49 IST" name="BM" finished-at="2025-03-12T20:41:50 IST" duration-ms="1364" status="PASS">
          <reporter-output>
          </reporter-output>
        </test-method> <!-- BM -->
        <test-method signature="createProduct()[pri:0, instance:VTIGER.DDT.Product.CreateProductTest@70be0a2b]" started-at="2025-03-12T20:41:50 IST" name="createProduct" finished-at="2025-03-12T20:42:08 IST" duration-ms="18133" status="PASS">
          <reporter-output>
          </reporter-output>
        </test-method> <!-- createProduct -->
        <test-method is-config="true" signature="AM()[pri:0, instance:VTIGER.DDT.Product.CreateProductTest@70be0a2b]" started-at="2025-03-12T20:42:08 IST" name="AM" finished-at="2025-03-12T20:42:11 IST" duration-ms="3056" status="PASS">
          <reporter-output>
          </reporter-output>
        </test-method> <!-- AM -->
        <test-method is-config="true" signature="AC()[pri:0, instance:VTIGER.DDT.Product.CreateProductTest@70be0a2b]" started-at="2025-03-12T20:42:11 IST" name="AC" finished-at="2025-03-12T20:42:11 IST" duration-ms="195" status="PASS">
          <reporter-output>
          </reporter-output>
        </test-method> <!-- AC -->
      </class> <!-- VTIGER.DDT.Product.CreateProductTest -->
    </test> <!-- Surefire test -->
  </suite> <!-- Surefire suite -->
</testng-results>
