<?xml version="1.0" encoding="UTF-8"?>
<testsuite xmlns:xsi="http://www.w3.org/2001/XMLSchema-instance" xsi:noNamespaceSchemaLocation="https://maven.apache.org/surefire/maven-surefire-plugin/xsd/surefire-test-report-3.0.xsd" version="3.0" name="TestSuite" time="152.772" tests="5" errors="0" skipped="0" failures="0">
  <properties>
[...]
</properties>
  <testcase name="createCampaignAddProductInCampaign" classname="VTIGER.DDT.Campaign.CreateCampaignAddProductInCampaignTest" time="31.774">
    <system-out><![CDATA[DataBase connection
Parallel execution
Launching Browser
2025-03-12T15:10:22.839756800Z main ERROR Log4j API could not find a logging provider.
Product name verified: product536
Window Title    :Administrator - Campaigns - vtiger CRM 5 - Commercial Open Source CRM
Campaign name verified : selenium640
]]></system-out>
    <system-err><![CDATA[Mar 12, 2025 8:40:15 PM org.openqa.selenium.devtools.CdpVersionFinder findNearestMatch
WARNING: Unable to find an exact match for CDP version 134, returning the closest version; found: 132; Please update to a Selenium version that supports CDP version 134
]]></system-err>
  </testcase>
  <testcase name="createCampaign" classname="VTIGER.DDT.Campaign.CreateCampaignTest" time="13.089">
    <system-out><![CDATA[Launching Browser
Campaign name verified : selenium47
]]></system-out>
    <system-err><![CDATA[Mar 12, 2025 8:40:58 PM org.openqa.selenium.devtools.CdpVersionFinder findNearestMatch
WARNING: Unable to find an exact match for CDP version 134, returning the closest version; found: 132; Please update to a Selenium version that supports CDP version 134
]]></system-err>
  </testcase>
  <testcase name="createOrganization" classname="VTIGER.DDT.Organization.CreateOrganizationTest" time="17.249">
    <system-out><![CDATA[Launching Browser
Org name verified: qspider113
]]></system-out>
    <system-err><![CDATA[Mar 12, 2025 8:41:22 PM org.openqa.selenium.devtools.CdpVersionFinder findNearestMatch
WARNING: Unable to find an exact match for CDP version 134, returning the closest version; found: 132; Please update to a Selenium version that supports CDP version 134
]]></system-err>
  </testcase>
  <testcase name="createProduct" classname="VTIGER.DDT.Product.CreateProductTest" time="18.134">
    <system-out><![CDATA[Launching Browser
Product Name verified: product732
]]></system-out>
    <system-err><![CDATA[Mar 12, 2025 8:41:49 PM org.openqa.selenium.devtools.CdpVersionFinder findNearestMatch
WARNING: Unable to find an exact match for CDP version 134, returning the closest version; found: 132; Please update to a Selenium version that supports CDP version 134
]]></system-err>
  </testcase>
  <testcase name="productCreateDelete" classname="VTIGER.DDT.Product.ProductCreateDeleteTest" time="18.69">
    <system-out><![CDATA[Launching Browser
Product name verified: product252
product deleted
]]></system-out>
    <system-err><![CDATA[Mar 12, 2025 8:42:12 PM org.openqa.selenium.devtools.CdpVersionFinder findNearestMatch
WARNING: Unable to find an exact match for CDP version 134, returning the closest version; found: 132; Please update to a Selenium version that supports CDP version 134
]]></system-err>
  </testcase>
</testsuite>