<?xml version="1.0" encoding="UTF-8"?>
<testsuite xmlns:xsi="http://www.w3.org/2001/XMLSchema-instance" xsi:noNamespaceSchemaLocation="https://maven.apache.org/surefire/maven-surefire-plugin/xsd/surefire-test-report-3.0.xsd" version="3.0" name="TestSuite" time="239.739" tests="5" errors="0" skipped="0" failures="0">
  <properties>
[...]
</properties>
  <testcase name="createCampaignAddProductInCampaign" classname="VTIGER.DDT.Campaign.CreateCampaignAddProductInCampaignTest" time="57.234">
    <system-out><![CDATA[DataBase connection
Parallel execution
Launching Browser
2025-03-14T01:50:11.358520300Z main ERROR Log4j API could not find a logging provider.
Product name verified: product333
Window Title    :Administrator - Campaigns - vtiger CRM 5 - Commercial Open Source CRM
Campaign name verified : selenium202
]]></system-out>
    <system-err><![CDATA[SLF4J: Failed to load class "org.slf4j.impl.StaticLoggerBinder".
SLF4J: Defaulting to no-operation (NOP) logger implementation
SLF4J: See http://www.slf4j.org/codes.html#StaticLoggerBinder for further details.
Mar 14, 2025 7:19:22 AM org.openqa.selenium.devtools.CdpVersionFinder findNearestMatch
WARNING: Unable to find an exact match for CDP version 134, returning the closest version; found: 132; Please update to a Selenium version that supports CDP version 134
]]></system-err>
  </testcase>
  <testcase name="createCampaign" classname="VTIGER.DDT.Campaign.CreateCampaignTest" time="13.331">
    <system-out><![CDATA[Launching Browser
Campaign name verified : selenium319
]]></system-out>
    <system-err><![CDATA[Mar 14, 2025 7:21:18 AM org.openqa.selenium.devtools.CdpVersionFinder findNearestMatch
WARNING: Unable to find an exact match for CDP version 134, returning the closest version; found: 132; Please update to a Selenium version that supports CDP version 134
]]></system-err>
  </testcase>
  <testcase name="createOrganization" classname="VTIGER.DDT.Organization.CreateOrganizationTest" time="14.226">
    <system-out><![CDATA[Launching Browser
Org name verified: qspider687
]]></system-out>
    <system-err><![CDATA[Mar 14, 2025 7:21:44 AM org.openqa.selenium.devtools.CdpVersionFinder findNearestMatch
WARNING: Unable to find an exact match for CDP version 134, returning the closest version; found: 132; Please update to a Selenium version that supports CDP version 134
]]></system-err>
  </testcase>
  <testcase name="createProduct" classname="VTIGER.DDT.Product.CreateProductTest" time="11.804">
    <system-out><![CDATA[Launching Browser
Product Name verified: product766
]]></system-out>
    <system-err><![CDATA[Mar 14, 2025 7:22:05 AM org.openqa.selenium.devtools.CdpVersionFinder findNearestMatch
WARNING: Unable to find an exact match for CDP version 134, returning the closest version; found: 132; Please update to a Selenium version that supports CDP version 134
]]></system-err>
  </testcase>
  <testcase name="productCreateDelete" classname="VTIGER.DDT.Product.ProductCreateDeleteTest" time="12.866">
    <system-out><![CDATA[Launching Browser
Product name verified: product591
product deleted
]]></system-out>
    <system-err><![CDATA[Mar 14, 2025 7:22:23 AM org.openqa.selenium.devtools.CdpVersionFinder findNearestMatch
WARNING: Unable to find an exact match for CDP version 134, returning the closest version; found: 132; Please update to a Selenium version that supports CDP version 134
]]></system-err>
  </testcase>
</testsuite>