<?xml version="1.0" encoding="UTF-8"?>
<testng-results ignored="0" total="5" passed="5" failed="0" skipped="0">
  <reporter-output>
  </reporter-output>
  <suite started-at="2025-03-14T07:18:49 IST" name="Surefire suite" finished-at="2025-03-14T07:22:46 IST" duration-ms="237818">
    <groups>
    </groups>
    <test started-at="2025-03-14T07:18:49 IST" name="Surefire test" finished-at="2025-03-14T07:22:46 IST" duration-ms="237818">
      <class name="VTIGER.DDT.Campaign.CreateCampaignAddProductInCampaignTest">
        <test-method is-config="true" signature="BS()[pri:0, instance:VTIGER.DDT.Campaign.CreateCampaignAddProductInCampaignTest@5bd03f44]" started-at="2025-03-14T07:18:49 IST" name="BS" finished-at="2025-03-14T07:18:49 IST" duration-ms="22" status="PASS">
          <reporter-output>
          </reporter-output>
        </test-method> <!-- BS -->
        <test-method is-config="true" signature="BT()[pri:0, instance:VTIGER.DDT.Campaign.CreateCampaignAddProductInCampaignTest@5bd03f44]" started-at="2025-03-14T07:18:49 IST" name="BT" finished-at="2025-03-14T07:18:49 IST" duration-ms="1" status="PASS">
          <reporter-output>
          </reporter-output>
        </test-method> <!-- BT -->
        <test-method is-config="true" signature="BC()[pri:0, instance:VTIGER.DDT.Campaign.CreateCampaignAddProductInCampaignTest@5bd03f44]" started-at="2025-03-14T07:18:49 IST" name="BC" finished-at="2025-03-14T07:19:23 IST" duration-ms="33812" status="PASS">
          <reporter-output>
          </reporter-output>
        </test-method> <!-- BC -->
        <test-method is-config="true" signature="BM()[pri:0, instance:VTIGER.DDT.Campaign.CreateCampaignAddProductInCampaignTest@5bd03f44]" started-at="2025-03-14T07:19:23 IST" name="BM" finished-at="2025-03-14T07:20:11 IST" duration-ms="47694" status="PASS">
          <reporter-output>
          </reporter-output>
        </test-method> <!-- BM -->
        <test-method signature="createCampaignAddProductInCampaign()[pri:0, instance:VTIGER.DDT.Campaign.CreateCampaignAddProductInCampaignTest@5bd03f44]" started-at="2025-03-14T07:20:11 IST" name="createCampaignAddProductInCampaign" finished-at="2025-03-14T07:21:08 IST" duration-ms="57205" status="PASS">
          <reporter-output>
          </reporter-output>
        </test-method> <!-- createCampaignAddProductInCampaign -->
        <test-method is-config="true" signature="AM()[pri:0, instance:VTIGER.DDT.Campaign.CreateCampaignAddProductInCampaignTest@5bd03f44]" started-at="2025-03-14T07:21:08 IST" name="AM" finished-at="2025-03-14T07:21:11 IST" duration-ms="3204" status="PASS">
          <reporter-output>
          </reporter-output>
        </test-method> <!-- AM -->
        <test-method is-config="true" signature="AC()[pri:0, instance:VTIGER.DDT.Campaign.CreateCampaignAddProductInCampaignTest@5bd03f44]" started-at="2025-03-14T07:21:11 IST" name="AC" finished-at="2025-03-14T07:21:12 IST" duration-ms="1384" status="PASS">
          <reporter-output>
          </reporter-output>
        </test-method> <!-- AC -->
        <test-method is-config="true" signature="AT()[pri:0, instance:VTIGER.DDT.Campaign.CreateCampaignAddProductInCampaignTest@5bd03f44]" started-at="2025-03-14T07:22:46 IST" name="AT" finished-at="2025-03-14T07:22:46 IST" duration-ms="1" status="PASS">
          <reporter-output>
          </reporter-output>
        </test-method> <!-- AT -->
        <test-method is-config="true" signature="AS()[pri:0, instance:VTIGER.DDT.Campaign.CreateCampaignAddProductInCampaignTest@5bd03f44]" started-at="2025-03-14T07:22:47 IST" name="AS" finished-at="2025-03-14T07:22:47 IST" duration-ms="1" status="PASS">
          <reporter-output>
          </reporter-output>
        </test-method> <!-- AS -->
      </class> <!-- VTIGER.DDT.Campaign.CreateCampaignAddProductInCampaignTest -->
      <class name="VTIGER.DDT.Product.ProductCreateDeleteTest">
        <test-method is-config="true" signature="BC()[pri:0, instance:VTIGER.DDT.Product.ProductCreateDeleteTest@2667f029]" started-at="2025-03-14T07:22:22 IST" name="BC" finished-at="2025-03-14T07:22:23 IST" duration-ms="1584" status="PASS">
          <reporter-output>
          </reporter-output>
        </test-method> <!-- BC -->
        <test-method is-config="true" signature="BM()[pri:0, instance:VTIGER.DDT.Product.ProductCreateDeleteTest@2667f029]" started-at="2025-03-14T07:22:23 IST" name="BM" finished-at="2025-03-14T07:22:29 IST" duration-ms="5563" status="PASS">
          <reporter-output>
          </reporter-output>
        </test-method> <!-- BM -->
        <test-method signature="productCreateDelete()[pri:0, instance:VTIGER.DDT.Product.ProductCreateDeleteTest@2667f029]" started-at="2025-03-14T07:22:29 IST" name="productCreateDelete" finished-at="2025-03-14T07:22:42 IST" duration-ms="12865" status="PASS">
          <reporter-output>
          </reporter-output>
        </test-method> <!-- productCreateDelete -->
        <test-method is-config="true" signature="AM()[pri:0, instance:VTIGER.DDT.Product.ProductCreateDeleteTest@2667f029]" started-at="2025-03-14T07:22:42 IST" name="AM" finished-at="2025-03-14T07:22:46 IST" duration-ms="4026" status="PASS">
          <reporter-output>
          </reporter-output>
        </test-method> <!-- AM -->
        <test-method is-config="true" signature="AC()[pri:0, instance:VTIGER.DDT.Product.ProductCreateDeleteTest@2667f029]" started-at="2025-03-14T07:22:46 IST" name="AC" finished-at="2025-03-14T07:22:46 IST" duration-ms="709" status="PASS">
          <reporter-output>
          </reporter-output>
        </test-method> <!-- AC -->
      </class> <!-- VTIGER.DDT.Product.ProductCreateDeleteTest -->
      <class name="VTIGER.DDT.Organization.CreateOrganizationTest">
        <test-method is-config="true" signature="BC()[pri:0, instance:VTIGER.DDT.Organization.CreateOrganizationTest@10e41621]" started-at="2025-03-14T07:21:42 IST" name="BC" finished-at="2025-03-14T07:21:44 IST" duration-ms="1642" status="PASS">
          <reporter-output>
          </reporter-output>
        </test-method> <!-- BC -->
        <test-method is-config="true" signature="BM()[pri:0, instance:VTIGER.DDT.Organization.CreateOrganizationTest@10e41621]" started-at="2025-03-14T07:21:44 IST" name="BM" finished-at="2025-03-14T07:21:47 IST" duration-ms="3597" status="PASS">
          <reporter-output>
          </reporter-output>
        </test-method> <!-- BM -->
        <test-method signature="createOrganization()[pri:0, instance:VTIGER.DDT.Organization.CreateOrganizationTest@10e41621]" started-at="2025-03-14T07:21:47 IST" name="createOrganization" finished-at="2025-03-14T07:22:01 IST" duration-ms="14221" status="PASS">
          <reporter-output>
          </reporter-output>
        </test-method> <!-- createOrganization -->
        <test-method is-config="true" signature="AM()[pri:0, instance:VTIGER.DDT.Organization.CreateOrganizationTest@10e41621]" started-at="2025-03-14T07:22:01 IST" name="AM" finished-at="2025-03-14T07:22:03 IST" duration-ms="1342" status="PASS">
          <reporter-output>
          </reporter-output>
        </test-method> <!-- AM -->
        <test-method is-config="true" signature="AC()[pri:0, instance:VTIGER.DDT.Organization.CreateOrganizationTest@10e41621]" started-at="2025-03-14T07:22:03 IST" name="AC" finished-at="2025-03-14T07:22:03 IST" duration-ms="295" status="PASS">
          <reporter-output>
          </reporter-output>
        </test-method> <!-- AC -->
      </class> <!-- VTIGER.DDT.Organization.CreateOrganizationTest -->
      <class name="VTIGER.DDT.Campaign.CreateCampaignTest">
        <test-method is-config="true" signature="BC()[pri:0, instance:VTIGER.DDT.Campaign.CreateCampaignTest@19bb07ed]" started-at="2025-03-14T07:21:12 IST" name="BC" finished-at="2025-03-14T07:21:18 IST" duration-ms="5760" status="PASS">
          <reporter-output>
          </reporter-output>
        </test-method> <!-- BC -->
        <test-method is-config="true" signature="BM()[pri:0, instance:VTIGER.DDT.Campaign.CreateCampaignTest@19bb07ed]" started-at="2025-03-14T07:21:18 IST" name="BM" finished-at="2025-03-14T07:21:26 IST" duration-ms="7911" status="PASS">
          <reporter-output>
          </reporter-output>
        </test-method> <!-- BM -->
        <test-method signature="createCampaign()[pri:0, instance:VTIGER.DDT.Campaign.CreateCampaignTest@19bb07ed]" started-at="2025-03-14T07:21:26 IST" name="createCampaign" finished-at="2025-03-14T07:21:39 IST" duration-ms="13341" status="PASS">
          <reporter-output>
          </reporter-output>
        </test-method> <!-- createCampaign -->
        <test-method is-config="true" signature="AM()[pri:0, instance:VTIGER.DDT.Campaign.CreateCampaignTest@19bb07ed]" started-at="2025-03-14T07:21:39 IST" name="AM" finished-at="2025-03-14T07:21:42 IST" duration-ms="2207" status="PASS">
          <reporter-output>
          </reporter-output>
        </test-method> <!-- AM -->
        <test-method is-config="true" signature="AC()[pri:0, instance:VTIGER.DDT.Campaign.CreateCampaignTest@19bb07ed]" started-at="2025-03-14T07:21:42 IST" name="AC" finished-at="2025-03-14T07:21:42 IST" duration-ms="322" status="PASS">
          <reporter-output>
          </reporter-output>
        </test-method> <!-- AC -->
      </class> <!-- VTIGER.DDT.Campaign.CreateCampaignTest -->
      <class name="VTIGER.DDT.Product.CreateProductTest">
        <test-method is-config="true" signature="BC()[pri:0, instance:VTIGER.DDT.Product.CreateProductTest@353d0772]" started-at="2025-03-14T07:22:03 IST" name="BC" finished-at="2025-03-14T07:22:05 IST" duration-ms="1565" status="PASS">
          <reporter-output>
          </reporter-output>
        </test-method> <!-- BC -->
        <test-method is-config="true" signature="BM()[pri:0, instance:VTIGER.DDT.Product.CreateProductTest@353d0772]" started-at="2025-03-14T07:22:05 IST" name="BM" finished-at="2025-03-14T07:22:08 IST" duration-ms="3883" status="PASS">
          <reporter-output>
          </reporter-output>
        </test-method> <!-- BM -->
        <test-method signature="createProduct()[pri:0, instance:VTIGER.DDT.Product.CreateProductTest@353d0772]" started-at="2025-03-14T07:22:08 IST" name="createProduct" finished-at="2025-03-14T07:22:20 IST" duration-ms="11803" status="PASS">
          <reporter-output>
          </reporter-output>
        </test-method> <!-- createProduct -->
        <test-method is-config="true" signature="AM()[pri:0, instance:VTIGER.DDT.Product.CreateProductTest@353d0772]" started-at="2025-03-14T07:22:20 IST" name="AM" finished-at="2025-03-14T07:22:21 IST" duration-ms="1141" status="PASS">
          <reporter-output>
          </reporter-output>
        </test-method> <!-- AM -->
        <test-method is-config="true" signature="AC()[pri:0, instance:VTIGER.DDT.Product.CreateProductTest@353d0772]" started-at="2025-03-14T07:22:21 IST" name="AC" finished-at="2025-03-14T07:22:22 IST" duration-ms="266" status="PASS">
          <reporter-output>
          </reporter-output>
        </test-method> <!-- AC -->
      </class> <!-- VTIGER.DDT.Product.CreateProductTest -->
    </test> <!-- Surefire test -->
  </suite> <!-- Surefire suite -->
</testng-results>
